# JRE version: Java(TM) SE Runtime Environment (8.0_60-b27) (build 1.8.0_60-b27)
# Java VM: Java HotSpot(TM) 64-Bit Server VM (25.60-b23 mixed mode windows-amd64 compressed oops)
Heap:
 PSYoungGen      total 435200K, used 33112K [0x00000000d5600000, 0x00000000fd580000, 0x0000000100000000)
  eden space 425472K, 5% used [0x00000000d5600000,0x00000000d6ebb850,0x00000000ef580000)
  from space 9728K, 80% used [0x00000000ef580000,0x00000000efd1a928,0x00000000eff00000)
  to   space 31232K, 0% used [0x00000000fb700000,0x00000000fb700000,0x00000000fd580000)
 ParOldGen       total 169472K, used 66521K [0x0000000080200000, 0x000000008a780000, 0x00000000d5600000)
  object space 169472K, 39% used [0x0000000080200000,0x00000000842f64e8,0x000000008a780000)
 Metaspace       used 27006K, capacity 27700K, committed 27824K, reserved 1073152K
  class space    used 2962K, capacity 3179K, committed 3248K, reserved 1048576K
GC Heap History (10 events):
Event: 14.692 GC heap before
{Heap before GC invocations=9 (full 0):
 PSYoungGen      total 274944K, used 267552K [0x00000000d5600000, 0x00000000e6d00000, 0x0000000100000000)
  eden space 265728K, 100% used [0x00000000d5600000,0x00000000e5980000,0x00000000e5980000)
  from space 9216K, 19% used [0x00000000e6300000,0x00000000e64c8000,0x00000000e6c00000)
  to   space 9728K, 0% used [0x00000000e5980000,0x00000000e5980000,0x00000000e6300000)
 ParOldGen       total 87552K, used 11845K [0x0000000080200000, 0x0000000085780000, 0x00000000d5600000)
  object space 87552K, 13% used [0x0000000080200000,0x0000000080d91438,0x0000000085780000)
 Metaspace       used 19885K, capacity 20404K, committed 20480K, reserved 1067008K
  class space    used 2291K, capacity 2493K, committed 2560K, reserved 1048576K
Event: 14.701 GC heap after
Heap after GC invocations=9 (full 0):
 PSYoungGen      total 275456K, used 1720K [0x00000000d5600000, 0x00000000f0880000, 0x0000000100000000)
  eden space 265728K, 0% used [0x00000000d5600000,0x00000000d5600000,0x00000000e5980000)
  from space 9728K, 17% used [0x00000000e5980000,0x00000000e5b2e070,0x00000000e6300000)
  to   space 9728K, 0% used [0x00000000eff00000,0x00000000eff00000,0x00000000f0880000)
 ParOldGen       total 87552K, used 12525K [0x0000000080200000, 0x0000000085780000, 0x00000000d5600000)
  object space 87552K, 14% used [0x0000000080200000,0x0000000080e3b438,0x0000000085780000)
 Metaspace       used 19885K, capacity 20404K, committed 20480K, reserved 1067008K
  class space    used 2291K, capacity 2493K, committed 2560K, reserved 1048576K
}
Event: 18.723 GC heap before
{Heap before GC invocations=10 (full 0):
 PSYoungGen      total 275456K, used 69332K [0x00000000d5600000, 0x00000000f0880000, 0x0000000100000000)
  eden space 265728K, 25% used [0x00000000d5600000,0x00000000d98070e8,0x00000000e5980000)
  from space 9728K, 17% used [0x00000000e5980000,0x00000000e5b2e070,0x00000000e6300000)
  to   space 9728K, 0% used [0x00000000eff00000,0x00000000eff00000,0x00000000f0880000)
 ParOldGen       total 87552K, used 12525K [0x0000000080200000, 0x0000000085780000, 0x00000000d5600000)
  object space 87552K, 14% used [0x0000000080200000,0x0000000080e3b438,0x0000000085780000)
 Metaspace       used 20584K, capacity 21224K, committed 21296K, reserved 1069056K
  class space    used 2344K, capacity 2575K, committed 2608K, reserved 1048576K
Event: 18.729 GC heap after
Heap after GC invocations=10 (full 0):
 PSYoungGen      total 435200K, used 2787K [0x00000000d5600000, 0x00000000f0880000, 0x0000000100000000)
  eden space 425472K, 0% used [0x00000000d5600000,0x00000000d5600000,0x00000000ef580000)
  from space 9728K, 28% used [0x00000000eff00000,0x00000000f01b8d48,0x00000000f0880000)
  to   space 9728K, 0% used [0x00000000ef580000,0x00000000ef580000,0x00000000eff00000)
 ParOldGen       total 87552K, used 12565K [0x0000000080200000, 0x0000000085780000, 0x00000000d5600000)
  object space 87552K, 14% used [0x0000000080200000,0x0000000080e45438,0x0000000085780000)
 Metaspace       used 20584K, capacity 21224K, committed 21296K, reserved 1069056K
  class space    used 2344K, capacity 2575K, committed 2608K, reserved 1048576K
}
Event: 18.729 GC heap before
{Heap before GC invocations=11 (full 1):
 PSYoungGen      total 435200K, used 2787K [0x00000000d5600000, 0x00000000f0880000, 0x0000000100000000)
  eden space 425472K, 0% used [0x00000000d5600000,0x00000000d5600000,0x00000000ef580000)
  from space 9728K, 28% used [0x00000000eff00000,0x00000000f01b8d48,0x00000000f0880000)
  to   space 9728K, 0% used [0x00000000ef580000,0x00000000ef580000,0x00000000eff00000)
 ParOldGen       total 87552K, used 12565K [0x0000000080200000, 0x0000000085780000, 0x00000000d5600000)
  object space 87552K, 14% used [0x0000000080200000,0x0000000080e45438,0x0000000085780000)
 Metaspace       used 20584K, capacity 21224K, committed 21296K, reserved 1069056K
  class space    used 2344K, capacity 2575K, committed 2608K, reserved 1048576K
Event: 18.842 GC heap after
Heap after GC invocations=11 (full 1):
 PSYoungGen      total 435200K, used 0K [0x00000000d5600000, 0x00000000f0880000, 0x0000000100000000)
  eden space 425472K, 0% used [0x00000000d5600000,0x00000000d5600000,0x00000000ef580000)
  from space 9728K, 0% used [0x00000000eff00000,0x00000000eff00000,0x00000000f0880000)
  to   space 9728K, 0% used [0x00000000ef580000,0x00000000ef580000,0x00000000eff00000)
 ParOldGen       total 58880K, used 11003K [0x0000000080200000, 0x0000000083b80000, 0x00000000d5600000)
  object space 58880K, 18% used [0x0000000080200000,0x0000000080cbed40,0x0000000083b80000)
 Metaspace       used 20570K, capacity 21204K, committed 21296K, reserved 1069056K
  class space    used 2342K, capacity 2571K, committed 2608K, reserved 1048576K
}
Event: 37.092 GC heap before
{Heap before GC invocations=12 (full 1):
 PSYoungGen      total 435200K, used 425472K [0x00000000d5600000, 0x00000000f0880000, 0x0000000100000000)
  eden space 425472K, 100% used [0x00000000d5600000,0x00000000ef580000,0x00000000ef580000)
  from space 9728K, 0% used [0x00000000eff00000,0x00000000eff00000,0x00000000f0880000)
  to   space 9728K, 0% used [0x00000000ef580000,0x00000000ef580000,0x00000000eff00000)
 ParOldGen       total 58880K, used 11003K [0x0000000080200000, 0x0000000083b80000, 0x00000000d5600000)
  object space 58880K, 18% used [0x0000000080200000,0x0000000080cbed40,0x0000000083b80000)
 Metaspace       used 26992K, capacity 27700K, committed 27824K, reserved 1073152K
  class space    used 2962K, capacity 3179K, committed 3248K, reserved 1048576K
Event: 37.225 GC heap after
Heap after GC invocations=12 (full 1):
 PSYoungGen      total 435200K, used 9727K [0x00000000d5600000, 0x00000000fd580000, 0x0000000100000000)
  eden space 425472K, 0% used [0x00000000d5600000,0x00000000d5600000,0x00000000ef580000)
  from space 9728K, 99% used [0x00000000ef580000,0x00000000efeffef8,0x00000000eff00000)
  to   space 31232K, 0% used [0x00000000fb700000,0x00000000fb700000,0x00000000fd580000)
 ParOldGen       total 66560K, used 66084K [0x0000000080200000, 0x0000000084300000, 0x00000000d5600000)
  object space 66560K, 99% used [0x0000000080200000,0x00000000842891c8,0x0000000084300000)
 Metaspace       used 26992K, capacity 27700K, committed 27824K, reserved 1073152K
  class space    used 2962K, capacity 3179K, committed 3248K, reserved 1048576K
}
Event: 37.225 GC heap before
{Heap before GC invocations=13 (full 2):
 PSYoungGen      total 435200K, used 9727K [0x00000000d5600000, 0x00000000fd580000, 0x0000000100000000)
  eden space 425472K, 0% used [0x00000000d5600000,0x00000000d5600000,0x00000000ef580000)
  from space 9728K, 99% used [0x00000000ef580000,0x00000000efeffef8,0x00000000eff00000)
  to   space 31232K, 0% used [0x00000000fb700000,0x00000000fb700000,0x00000000fd580000)
 ParOldGen       total 66560K, used 66084K [0x0000000080200000, 0x0000000084300000, 0x00000000d5600000)
  object space 66560K, 99% used [0x0000000080200000,0x00000000842891c8,0x0000000084300000)
 Metaspace       used 26992K, capacity 27700K, committed 27824K, reserved 1073152K
  class space    used 2962K, capacity 3179K, committed 3248K, reserved 1048576K
Event: 38.908 GC heap after
Heap after GC invocations=13 (full 2):
 PSYoungGen      total 435200K, used 7786K [0x00000000d5600000, 0x00000000fd580000, 0x0000000100000000)
  eden space 425472K, 0% used [0x00000000d5600000,0x00000000d5600000,0x00000000ef580000)
  from space 9728K, 80% used [0x00000000ef580000,0x00000000efd1a928,0x00000000eff00000)
  to   space 31232K, 0% used [0x00000000fb700000,0x00000000fb700000,0x00000000fd580000)
 ParOldGen       total 169472K, used 66521K [0x0000000080200000, 0x000000008a780000, 0x00000000d5600000)
  object space 169472K, 39% used [0x0000000080200000,0x00000000842f64e8,0x000000008a780000)
 Metaspace       used 26992K, capacity 27700K, committed 27824K, reserved 1073152K
  class space    used 2962K, capacity 3179K, committed 3248K, reserved 1048576K
}

